<?xml version="1.0" encoding="UTF-8" ?>
<testsuite tests="13" failures="0" name="com.todolist.controllers.TaskResourceTest" time="1.968" errors="0" skipped="0">
  <properties>
    <property name="java.runtime.name" value="OpenJDK Runtime Environment"/>
    <property name="java.vm.version" value="11.0.15+10-Ubuntu-0ubuntu0.20.04.1"/>
    <property name="sun.boot.library.path" value="/usr/lib/jvm/java-11-openjdk-amd64/lib"/>
    <property name="maven.multiModuleProjectDirectory" value="/mnt/c/Users/alex0/eclipse-workspace/simple-heroku-webapp"/>
    <property name="java.vm.vendor" value="Private Build"/>
    <property name="java.vendor.url" value="Unknown"/>
    <property name="guice.disable.misplaced.annotation.check" value="true"/>
    <property name="path.separator" value=":"/>
    <property name="java.vm.name" value="OpenJDK 64-Bit Server VM"/>
    <property name="sun.os.patch.level" value="unknown"/>
    <property name="sun.java.launcher" value="SUN_STANDARD"/>
    <property name="java.vm.specification.name" value="Java Virtual Machine Specification"/>
    <property name="user.dir" value="/mnt/c/Users/alex0/eclipse-workspace/simple-heroku-webapp"/>
    <property name="java.vm.compressedOopsMode" value="Zero based"/>
    <property name="java.runtime.version" value="11.0.15+10-Ubuntu-0ubuntu0.20.04.1"/>
    <property name="java.awt.graphicsenv" value="sun.awt.X11GraphicsEnvironment"/>
    <property name="os.arch" value="amd64"/>
    <property name="java.io.tmpdir" value="/tmp"/>
    <property name="line.separator" value="
"/>
    <property name="java.vm.specification.vendor" value="Oracle Corporation"/>
    <property name="os.name" value="Linux"/>
    <property name="classworlds.conf" value="/usr/share/maven/bin/m2.conf"/>
    <property name="sun.jnu.encoding" value="UTF-8"/>
    <property name="java.library.path" value="/usr/java/packages/lib:/usr/lib/x86_64-linux-gnu/jni:/lib/x86_64-linux-gnu:/usr/lib/x86_64-linux-gnu:/usr/lib/jni:/lib:/usr/lib"/>
    <property name="maven.conf" value="/usr/share/maven/conf"/>
    <property name="jdk.debug" value="release"/>
    <property name="java.class.version" value="55.0"/>
    <property name="java.specification.name" value="Java Platform API Specification"/>
    <property name="sun.management.compiler" value="HotSpot 64-Bit Tiered Compilers"/>
    <property name="os.version" value="4.4.0-19041-Microsoft"/>
    <property name="library.jansi.path" value="/usr/share/maven/lib/jansi-native"/>
    <property name="user.home" value="/home/alesanfe"/>
    <property name="user.timezone" value="Europe/Madrid"/>
    <property name="java.awt.printerjob" value="sun.print.PSPrinterJob"/>
    <property name="file.encoding" value="UTF-8"/>
    <property name="java.specification.version" value="11"/>
    <property name="user.name" value="alesanfe"/>
    <property name="java.class.path" value="/usr/share/maven/boot/plexus-classworlds-2.x.jar"/>
    <property name="java.vm.specification.version" value="11"/>
    <property name="sun.arch.data.model" value="64"/>
    <property name="sun.java.command" value="org.codehaus.plexus.classworlds.launcher.Launcher clean install"/>
    <property name="java.home" value="/usr/lib/jvm/java-11-openjdk-amd64"/>
    <property name="user.language" value="en"/>
    <property name="java.specification.vendor" value="Oracle Corporation"/>
    <property name="awt.toolkit" value="sun.awt.X11.XToolkit"/>
    <property name="java.vm.info" value="mixed mode, sharing"/>
    <property name="java.version" value="11.0.15"/>
    <property name="securerandom.source" value="file:/dev/./urandom"/>
    <property name="java.vendor" value="Private Build"/>
    <property name="maven.home" value="/usr/share/maven"/>
    <property name="file.separator" value="/"/>
    <property name="java.version.date" value="2022-04-19"/>
    <property name="java.vendor.url.bug" value="Unknown"/>
    <property name="sun.io.unicode.encoding" value="UnicodeLittle"/>
    <property name="sun.cpu.endian" value="little"/>
    <property name="sun.cpu.isalist" value=""/>
  </properties>
  <testcase classname="com.todolist.controllers.TaskResourceTest" name="testPostWithWrongDate" time="0.377"/>
  <testcase classname="com.todolist.controllers.TaskResourceTest" name="testPostWithOutTitle" time="0.147"/>
  <testcase classname="com.todolist.controllers.TaskResourceTest" name="testDeleteNotFound" time="0.134"/>
  <testcase classname="com.todolist.controllers.TaskResourceTest" name="testGetSoloFine" time="0.159"/>
  <testcase classname="com.todolist.controllers.TaskResourceTest" name="testGetAllWrong" time="0.162"/>
  <testcase classname="com.todolist.controllers.TaskResourceTest" name="testPutFine" time="0.137"/>
  <testcase classname="com.todolist.controllers.TaskResourceTest" name="testGetAllFine" time="0.136"/>
  <testcase classname="com.todolist.controllers.TaskResourceTest" name="testPutWithOutID" time="0.115"/>
  <testcase classname="com.todolist.controllers.TaskResourceTest" name="testGetAllWithQueryParamFine" time="0.116"/>
  <testcase classname="com.todolist.controllers.TaskResourceTest" name="testGetSoloNotFound" time="0.1"/>
  <testcase classname="com.todolist.controllers.TaskResourceTest" name="testPutWithWrongDate" time="0.109"/>
  <testcase classname="com.todolist.controllers.TaskResourceTest" name="testDeleteFine" time="0.136"/>
  <testcase classname="com.todolist.controllers.TaskResourceTest" name="testPostFine" time="0.14"/>
</testsuite>