<?xml version="1.0" encoding="UTF-8" ?>
<testsuite tests="5" failures="0" name="com.todolist.controllers.PokemonControllerTest" time="1.848" errors="1" skipped="0">
  <properties>
    <property name="idea.version" value="2022.2"/>
    <property name="java.runtime.name" value="OpenJDK Runtime Environment"/>
    <property name="java.vm.version" value="11.0.14.1+1-LTS"/>
    <property name="sun.boot.library.path" value="C:\Program Files\Microsoft\jdk-11.0.14.101-hotspot\bin"/>
    <property name="maven.multiModuleProjectDirectory" value="C:\Users\alex0\eclipse-workspace\TODOlist-API1.5"/>
    <property name="java.vm.vendor" value="Microsoft"/>
    <property name="java.vendor.url" value="https://www.microsoft.com"/>
    <property name="guice.disable.misplaced.annotation.check" value="true"/>
    <property name="path.separator" value=";"/>
    <property name="java.vm.name" value="OpenJDK 64-Bit Server VM"/>
    <property name="sun.os.patch.level" value=""/>
    <property name="user.script" value=""/>
    <property name="user.country" value="ES"/>
    <property name="sun.java.launcher" value="SUN_STANDARD"/>
    <property name="java.vm.specification.name" value="Java Virtual Machine Specification"/>
    <property name="user.dir" value="C:\Users\alex0\eclipse-workspace\TODOlist-API1.5"/>
    <property name="java.vm.compressedOopsMode" value="Zero based"/>
    <property name="java.runtime.version" value="11.0.14.1+1-LTS"/>
    <property name="java.awt.graphicsenv" value="sun.awt.Win32GraphicsEnvironment"/>
    <property name="os.arch" value="amd64"/>
    <property name="java.io.tmpdir" value="C:\Users\alex0\AppData\Local\Temp\"/>
    <property name="line.separator" value="
"/>
    <property name="java.vm.specification.vendor" value="Oracle Corporation"/>
    <property name="user.variant" value=""/>
    <property name="os.name" value="Windows 10"/>
    <property name="maven.ext.class.path" value="C:\Program Files\JetBrains\IntelliJ IDEA 2022.1\plugins\maven\lib\maven-event-listener.jar"/>
    <property name="classworlds.conf" value="C:\Program Files\JetBrains\IntelliJ IDEA 2022.1\plugins\maven\lib\maven3\bin\m2.conf"/>
    <property name="sun.jnu.encoding" value="Cp1252"/>
    <property name="java.library.path" value="C:\Program Files\Microsoft\jdk-11.0.14.101-hotspot\bin;C:\Windows\Sun\Java\bin;C:\Windows\system32;C:\Windows;C:\gurobi951\win64\bin;C:\Program Files\Microsoft\jdk-11.0.14.101-hotspot\bin;C:\Program Files\Microsoft\jdk-17.0.2.8-hotspot\bin;C:\Program Files (x86)\Common Files\Oracle\Java\javapath;C:\Windows\system32;C:\Windows;C:\Windows\System32\Wbem;C:\Windows\System32\WindowsPowerShell\v1.0\;C:\Windows\System32\OpenSSH\;C:\Program Files\dotnet\;C:\Program Files (x86)\NVIDIA Corporation\PhysX\Common;C:\Program Files\Git\cmd;C:\Program Files\nodejs\;C:\ProgramData\chocolatey\bin;C:\Program Files\Docker\Docker\resources\bin;C:\ProgramData\DockerDesktop\version-bin;C:\Users\alex0\AppData\Local\Microsoft\WindowsApps;C:\Program Files\JetBrains\JetBrains Rider 2021.3.2\bin;;C:\Program Files\JetBrains\WebStorm 2021.3.2\bin;;C:\Program Files\JetBrains\CLion 2021.3.3\bin;;C:\Users\alex0\AppData\Roaming\npm;C:\Users\alex0\AppData\Local\Programs\Microsoft VS Code\bin;C:\Program Files\JetBrains\IntelliJ IDEA 2022.1\bin;;C:\Users\alex0\AppData\Local\Google\Cloud SDK\google-cloud-sdk\bin;C:\Program Files\heroku\bin;."/>
    <property name="maven.conf" value="C:\Program Files\JetBrains\IntelliJ IDEA 2022.1\plugins\maven\lib\maven3/conf"/>
    <property name="jdk.debug" value="release"/>
    <property name="java.class.version" value="55.0"/>
    <property name="java.specification.name" value="Java Platform API Specification"/>
    <property name="sun.management.compiler" value="HotSpot 64-Bit Tiered Compilers"/>
    <property name="os.version" value="10.0"/>
    <property name="user.home" value="C:\Users\alex0"/>
    <property name="user.timezone" value="Europe/Paris"/>
    <property name="java.awt.printerjob" value="sun.awt.windows.WPrinterJob"/>
    <property name="file.encoding" value="UTF-8"/>
    <property name="java.specification.version" value="11"/>
    <property name="user.name" value="alex0"/>
    <property name="java.class.path" value="C:\Program Files\JetBrains\IntelliJ IDEA 2022.1\plugins\maven\lib\maven3\boot\plexus-classworlds-2.6.0.jar;C:\Program Files\JetBrains\IntelliJ IDEA 2022.1\plugins\maven\lib\maven3\boot\plexus-classworlds.license"/>
    <property name="java.vm.specification.version" value="11"/>
    <property name="sun.arch.data.model" value="64"/>
    <property name="sun.java.command" value="org.codehaus.classworlds.Launcher -Didea.version=2022.2 clean install"/>
    <property name="java.home" value="C:\Program Files\Microsoft\jdk-11.0.14.101-hotspot"/>
    <property name="user.language" value="es"/>
    <property name="java.specification.vendor" value="Oracle Corporation"/>
    <property name="awt.toolkit" value="sun.awt.windows.WToolkit"/>
    <property name="java.vm.info" value="mixed mode"/>
    <property name="java.version" value="11.0.14.1"/>
    <property name="java.vendor" value="Microsoft"/>
    <property name="maven.home" value="C:\Program Files\JetBrains\IntelliJ IDEA 2022.1\plugins\maven\lib\maven3"/>
    <property name="file.separator" value="\"/>
    <property name="java.version.date" value="2022-02-08"/>
    <property name="java.vendor.url.bug" value="https://github.com/microsoft/openjdk/issues"/>
    <property name="sun.io.unicode.encoding" value="UnicodeLittle"/>
    <property name="sun.cpu.endian" value="little"/>
    <property name="java.vendor.version" value="Microsoft-31205"/>
    <property name="sun.desktop" value="windows"/>
    <property name="sun.cpu.isalist" value="amd64"/>
  </properties>
  <testcase classname="com.todolist.controllers.PokemonControllerTest" name="testAddFine" time="0.703"/>
  <testcase classname="com.todolist.controllers.PokemonControllerTest" name="testGetSoloFine" time="0.271"/>
  <testcase classname="com.todolist.controllers.PokemonControllerTest" name="testGetAllFine" time="0.331">
    <error message="HTTP 400 Bad Request" type="jakarta.ws.rs.BadRequestException">jakarta.ws.rs.BadRequestException: HTTP 400 Bad Request
	at org.glassfish.jersey.client.JerseyInvocation.convertToException(JerseyInvocation.java:939)
	at org.glassfish.jersey.client.JerseyInvocation.translate(JerseyInvocation.java:755)
	at org.glassfish.jersey.client.JerseyInvocation.lambda$invoke$1(JerseyInvocation.java:675)
	at org.glassfish.jersey.client.JerseyInvocation.call(JerseyInvocation.java:697)
	at org.glassfish.jersey.client.JerseyInvocation.lambda$runInScope$3(JerseyInvocation.java:691)
	at org.glassfish.jersey.internal.Errors.process(Errors.java:292)
	at org.glassfish.jersey.internal.Errors.process(Errors.java:274)
	at org.glassfish.jersey.internal.Errors.process(Errors.java:205)
	at org.glassfish.jersey.process.internal.RequestScope.runInScope(RequestScope.java:390)
	at org.glassfish.jersey.client.JerseyInvocation.runInScope(JerseyInvocation.java:691)
	at org.glassfish.jersey.client.JerseyInvocation.invoke(JerseyInvocation.java:674)
	at org.glassfish.jersey.client.JerseyInvocation$Builder.method(JerseyInvocation.java:422)
	at org.glassfish.jersey.client.JerseyInvocation$Builder.get(JerseyInvocation.java:318)
	at com.todolist.controllers.PokemonControllerTest.testGetAllFine(PokemonControllerTest.java:39)
	at java.base/jdk.internal.reflect.NativeMethodAccessorImpl.invoke0(Native Method)
	at java.base/jdk.internal.reflect.NativeMethodAccessorImpl.invoke(NativeMethodAccessorImpl.java:62)
	at java.base/jdk.internal.reflect.DelegatingMethodAccessorImpl.invoke(DelegatingMethodAccessorImpl.java:43)
	at java.base/java.lang.reflect.Method.invoke(Method.java:566)
	at org.junit.runners.model.FrameworkMethod$1.runReflectiveCall(FrameworkMethod.java:59)
	at org.junit.internal.runners.model.ReflectiveCallable.run(ReflectiveCallable.java:12)
	at org.junit.runners.model.FrameworkMethod.invokeExplosively(FrameworkMethod.java:56)
	at org.junit.internal.runners.statements.InvokeMethod.evaluate(InvokeMethod.java:17)
	at org.junit.internal.runners.statements.RunBefores.evaluate(RunBefores.java:26)
	at org.junit.internal.runners.statements.RunAfters.evaluate(RunAfters.java:27)
	at org.junit.runners.ParentRunner$3.evaluate(ParentRunner.java:306)
	at org.junit.runners.BlockJUnit4ClassRunner$1.evaluate(BlockJUnit4ClassRunner.java:100)
	at org.junit.runners.ParentRunner.runLeaf(ParentRunner.java:366)
	at org.junit.runners.BlockJUnit4ClassRunner.runChild(BlockJUnit4ClassRunner.java:103)
	at org.junit.runners.BlockJUnit4ClassRunner.runChild(BlockJUnit4ClassRunner.java:63)
	at org.junit.runners.ParentRunner$4.run(ParentRunner.java:331)
	at org.junit.runners.ParentRunner$1.schedule(ParentRunner.java:79)
	at org.junit.runners.ParentRunner.runChildren(ParentRunner.java:329)
	at org.junit.runners.ParentRunner.access$100(ParentRunner.java:66)
	at org.junit.runners.ParentRunner$2.evaluate(ParentRunner.java:293)
	at org.junit.runners.ParentRunner$3.evaluate(ParentRunner.java:306)
	at org.junit.runners.ParentRunner.run(ParentRunner.java:413)
	at org.apache.maven.surefire.junit4.JUnit4Provider.execute(JUnit4Provider.java:252)
	at org.apache.maven.surefire.junit4.JUnit4Provider.executeTestSet(JUnit4Provider.java:141)
	at org.apache.maven.surefire.junit4.JUnit4Provider.invoke(JUnit4Provider.java:112)
	at java.base/jdk.internal.reflect.NativeMethodAccessorImpl.invoke0(Native Method)
	at java.base/jdk.internal.reflect.NativeMethodAccessorImpl.invoke(NativeMethodAccessorImpl.java:62)
	at java.base/jdk.internal.reflect.DelegatingMethodAccessorImpl.invoke(DelegatingMethodAccessorImpl.java:43)
	at java.base/java.lang.reflect.Method.invoke(Method.java:566)
	at org.apache.maven.surefire.util.ReflectionUtils.invokeMethodWithArray(ReflectionUtils.java:189)
	at org.apache.maven.surefire.booter.ProviderFactory$ProviderProxy.invoke(ProviderFactory.java:165)
	at org.apache.maven.surefire.booter.ProviderFactory.invokeProvider(ProviderFactory.java:85)
	at org.apache.maven.surefire.booter.ForkedBooter.runSuitesInProcess(ForkedBooter.java:115)
	at org.apache.maven.surefire.booter.ForkedBooter.main(ForkedBooter.java:75)
</error>
    <system-out>com.todolist.entity.pokemon.Pokemon@42056064
com.todolist.entity.Task@66
com.todolist.entity.pokemon.Pokemon@7630cd07
com.todolist.entity.Task@66
com.todolist.entity.pokemon.Pokemon@5b27937b
com.todolist.entity.Task@66
com.todolist.entity.pokemon.Pokemon@59fbb93c
com.todolist.entity.Task@66
com.todolist.entity.pokemon.Pokemon@3094e427
com.todolist.entity.Task@66
com.todolist.entity.pokemon.Pokemon@40bc5fc7
com.todolist.entity.Task@66
com.todolist.entity.pokemon.Pokemon@27e7b0e0
com.todolist.entity.Task@66
com.todolist.entity.pokemon.Pokemon@23d1df79
com.todolist.entity.Task@66
com.todolist.entity.pokemon.Pokemon@3473b2f8
com.todolist.entity.Task@66
com.todolist.entity.pokemon.Pokemon@161391d6
com.todolist.entity.Task@66
com.todolist.entity.pokemon.Pokemon@c694344
com.todolist.entity.Task@66
com.todolist.entity.pokemon.Pokemon@21ee7fa7
com.todolist.entity.Task@66
com.todolist.entity.pokemon.Pokemon@8a3fd10
com.todolist.entity.Task@66
com.todolist.entity.pokemon.Pokemon@2b440f3
com.todolist.entity.Task@66
com.todolist.entity.pokemon.Pokemon@44814082
com.todolist.entity.Task@66
com.todolist.entity.pokemon.Pokemon@16400cf2
com.todolist.entity.Task@66
com.todolist.entity.pokemon.Pokemon@11c3857
com.todolist.entity.Task@66
com.todolist.entity.pokemon.Pokemon@218f535f
com.todolist.entity.Task@66
com.todolist.entity.pokemon.Pokemon@6fc482bc
com.todolist.entity.Task@66
com.todolist.entity.pokemon.Pokemon@79f5242a
com.todolist.entity.Task@66
com.todolist.entity.pokemon.Pokemon@19cb65c3
com.todolist.entity.Task@66
com.todolist.entity.pokemon.Pokemon@4285d80e
com.todolist.entity.Task@66
com.todolist.entity.pokemon.Pokemon@99f6380
com.todolist.entity.Task@66
com.todolist.entity.pokemon.Pokemon@591bd2ed
com.todolist.entity.Task@66
</system-out>
    <system-err>ago. 15, 2022 11:44:42 A. M. org.glassfish.jersey.test.grizzly.GrizzlyTestContainerFactory$GrizzlyTestContainer &lt;init&gt;
INFORMACI�N: Creating GrizzlyTestContainer configured at the base URI http://localhost:9998/
ago. 15, 2022 11:44:42 A. M. org.glassfish.grizzly.http.server.NetworkListener start
INFORMACI�N: Started listener bound to [localhost:9998]
ago. 15, 2022 11:44:42 A. M. org.glassfish.grizzly.http.server.HttpServer start
INFORMACI�N: [HttpServer-15] Started.
ago. 15, 2022 11:44:42 A. M. org.glassfish.grizzly.http.server.NetworkListener shutdownNow
INFORMACI�N: Stopped listener bound to [localhost:9998]
</system-err>
  </testcase>
  <testcase classname="com.todolist.controllers.PokemonControllerTest" name="testGetSoloLowerCase" time="0.29"/>
  <testcase classname="com.todolist.controllers.PokemonControllerTest" name="testGetSoloNotFound" time="0.253"/>
</testsuite>